DEB [20181009-19:31:36.577] thr=1   paramiko.transport: starting thread (client mode): 0x8c78dd8
DEB [20181009-19:31:36.578] thr=1   paramiko.transport: Local version/idstring: SSH-2.0-paramiko_2.4.1
DEB [20181009-19:31:36.803] thr=1   paramiko.transport: Remote version/idstring: SSH-2.0-OpenSSH_7.6p1 Ubuntu-4
INF [20181009-19:31:36.803] thr=1   paramiko.transport: Connected (version 2.0, client OpenSSH_7.6p1)
DEB [20181009-19:31:37.088] thr=1   paramiko.transport: kex algos:['curve25519-sha256', 'curve25519-sha256@libssh.org', 'ecdh-sha2-nistp256', 'ecdh-sha2-nistp384', 'ecdh-sha2-nistp521', 'diffie-hellman-group-exchange-sha256', 'diffie-hellman-group16-sha512', 'diffie-hellman-group18-sha512', 'diffie-hellman-group14-sha256', 'diffie-hellman-group14-sha1'] server key:['ssh-rsa', 'rsa-sha2-512', 'rsa-sha2-256', 'ecdsa-sha2-nistp256', 'ssh-ed25519'] client encrypt:['chacha20-poly1305@openssh.com', 'aes128-ctr', 'aes192-ctr', 'aes256-ctr', 'aes128-gcm@openssh.com', 'aes256-gcm@openssh.com'] server encrypt:['chacha20-poly1305@openssh.com', 'aes128-ctr', 'aes192-ctr', 'aes256-ctr', 'aes128-gcm@openssh.com', 'aes256-gcm@openssh.com'] client mac:['umac-64-etm@openssh.com', 'umac-128-etm@openssh.com', 'hmac-sha2-256-etm@openssh.com', 'hmac-sha2-512-etm@openssh.com', 'hmac-sha1-etm@openssh.com', 'umac-64@openssh.com', 'umac-128@openssh.com', 'hmac-sha2-256', 'hmac-sha2-512', 'hmac-sha1'] server mac:['umac-64-etm@openssh.com', 'umac-128-etm@openssh.com', 'hmac-sha2-256-etm@openssh.com', 'hmac-sha2-512-etm@openssh.com', 'hmac-sha1-etm@openssh.com', 'umac-64@openssh.com', 'umac-128@openssh.com', 'hmac-sha2-256', 'hmac-sha2-512', 'hmac-sha1'] client compress:['none', 'zlib@openssh.com'] server compress:['none', 'zlib@openssh.com'] client lang:[''] server lang:[''] kex follows?False
DEB [20181009-19:31:37.088] thr=1   paramiko.transport: Kex agreed: ecdh-sha2-nistp256
DEB [20181009-19:31:37.088] thr=1   paramiko.transport: HostKey agreed: ssh-ed25519
DEB [20181009-19:31:37.088] thr=1   paramiko.transport: Cipher agreed: aes128-ctr
DEB [20181009-19:31:37.088] thr=1   paramiko.transport: MAC agreed: hmac-sha2-256
DEB [20181009-19:31:37.089] thr=1   paramiko.transport: Compression agreed: none
DEB [20181009-19:31:37.552] thr=1   paramiko.transport: kex engine KexNistp256 specified hash_algo <built-in function openssl_sha256>
DEB [20181009-19:31:37.553] thr=1   paramiko.transport: Switch to new keys ...
DEB [20181009-19:31:37.553] thr=2   paramiko.transport: Adding ssh-ed25519 host key for www.0xf4d3c0d3.co.vu: b'808bb4c2ff9fe664c340d12050278714'
DEB [20181009-19:31:37.554] thr=2   paramiko.transport: Trying discovered key b'34f7eb88ca144d08301696b2646ed7ee' in /Users/donghojung/.ssh/digital-ocean
DEB [20181009-19:31:38.216] thr=1   paramiko.transport: userauth is OK
INF [20181009-19:31:38.522] thr=1   paramiko.transport: Authentication (publickey) successful!
DEB [20181009-19:31:38.523] thr=2   paramiko.transport: [chan 0] Max packet in: 32768 bytes
DEB [20181009-19:31:39.342] thr=1   paramiko.transport: Received global request "hostkeys-00@openssh.com"
DEB [20181009-19:31:39.342] thr=1   paramiko.transport: Rejecting "hostkeys-00@openssh.com" global request from server.
DEB [20181009-19:31:39.648] thr=1   paramiko.transport: [chan 0] Max packet out: 32768 bytes
DEB [20181009-19:31:39.649] thr=1   paramiko.transport: Secsh channel 0 opened.
DEB [20181009-19:31:39.956] thr=1   paramiko.transport: [chan 0] Sesch channel 0 request ok
DEB [20181009-19:31:40.263] thr=1   paramiko.transport: [chan 0] Sesch channel 0 request ok
DEB [20181009-19:31:40.265] thr=1   paramiko.transport: [chan 0] EOF received (0)
DEB [20181009-19:31:40.267] thr=2   paramiko.transport: [chan 0] EOF sent (0)
DEB [20181009-19:31:40.390] thr=3   paramiko.transport: starting thread (client mode): 0x8c80550
DEB [20181009-19:31:40.390] thr=3   paramiko.transport: Local version/idstring: SSH-2.0-paramiko_2.4.1
DEB [20181009-19:31:40.518] thr=3   paramiko.transport: Remote version/idstring: SSH-2.0-OpenSSH_7.6p1 Ubuntu-4
INF [20181009-19:31:40.518] thr=3   paramiko.transport: Connected (version 2.0, client OpenSSH_7.6p1)
DEB [20181009-19:31:40.635] thr=3   paramiko.transport: kex algos:['curve25519-sha256', 'curve25519-sha256@libssh.org', 'ecdh-sha2-nistp256', 'ecdh-sha2-nistp384', 'ecdh-sha2-nistp521', 'diffie-hellman-group-exchange-sha256', 'diffie-hellman-group16-sha512', 'diffie-hellman-group18-sha512', 'diffie-hellman-group14-sha256', 'diffie-hellman-group14-sha1'] server key:['ssh-rsa', 'rsa-sha2-512', 'rsa-sha2-256', 'ecdsa-sha2-nistp256', 'ssh-ed25519'] client encrypt:['chacha20-poly1305@openssh.com', 'aes128-ctr', 'aes192-ctr', 'aes256-ctr', 'aes128-gcm@openssh.com', 'aes256-gcm@openssh.com'] server encrypt:['chacha20-poly1305@openssh.com', 'aes128-ctr', 'aes192-ctr', 'aes256-ctr', 'aes128-gcm@openssh.com', 'aes256-gcm@openssh.com'] client mac:['umac-64-etm@openssh.com', 'umac-128-etm@openssh.com', 'hmac-sha2-256-etm@openssh.com', 'hmac-sha2-512-etm@openssh.com', 'hmac-sha1-etm@openssh.com', 'umac-64@openssh.com', 'umac-128@openssh.com', 'hmac-sha2-256', 'hmac-sha2-512', 'hmac-sha1'] server mac:['umac-64-etm@openssh.com', 'umac-128-etm@openssh.com', 'hmac-sha2-256-etm@openssh.com', 'hmac-sha2-512-etm@openssh.com', 'hmac-sha1-etm@openssh.com', 'umac-64@openssh.com', 'umac-128@openssh.com', 'hmac-sha2-256', 'hmac-sha2-512', 'hmac-sha1'] client compress:['none', 'zlib@openssh.com'] server compress:['none', 'zlib@openssh.com'] client lang:[''] server lang:[''] kex follows?False
DEB [20181009-19:31:40.635] thr=3   paramiko.transport: Kex agreed: ecdh-sha2-nistp256
DEB [20181009-19:31:40.635] thr=3   paramiko.transport: HostKey agreed: ssh-ed25519
DEB [20181009-19:31:40.635] thr=3   paramiko.transport: Cipher agreed: aes128-ctr
DEB [20181009-19:31:40.635] thr=3   paramiko.transport: MAC agreed: hmac-sha2-256
DEB [20181009-19:31:40.636] thr=3   paramiko.transport: Compression agreed: none
DEB [20181009-19:31:40.793] thr=3   paramiko.transport: kex engine KexNistp256 specified hash_algo <built-in function openssl_sha256>
DEB [20181009-19:31:40.793] thr=3   paramiko.transport: Switch to new keys ...
DEB [20181009-19:31:40.794] thr=2   paramiko.transport: Adding ssh-ed25519 host key for www.0xf4d3c0d3.co.vu: b'808bb4c2ff9fe664c340d12050278714'
DEB [20181009-19:31:40.795] thr=2   paramiko.transport: Trying discovered key b'34f7eb88ca144d08301696b2646ed7ee' in /Users/donghojung/.ssh/digital-ocean
DEB [20181009-19:31:41.492] thr=3   paramiko.transport: userauth is OK
INF [20181009-19:31:41.628] thr=3   paramiko.transport: Authentication (publickey) failed.
DEB [20181009-19:31:41.629] thr=2   paramiko.transport: Trying SSH agent key b'c489d5e00af4dd8b826912b4ba098be5'
DEB [20181009-19:31:41.743] thr=3   paramiko.transport: userauth is OK
INF [20181009-19:31:41.861] thr=3   paramiko.transport: Authentication (publickey) failed.
DEB [20181009-19:31:41.861] thr=2   paramiko.transport: Trying SSH agent key b'e92b2bb1c76b659e131af444b498b52b'
DEB [20181009-19:31:41.977] thr=3   paramiko.transport: userauth is OK
INF [20181009-19:31:42.095] thr=3   paramiko.transport: Authentication (publickey) failed.
DEB [20181009-19:31:42.096] thr=2   paramiko.transport: Trying discovered key b'ce89c6f89052d1b8a585d76c732e6235' in /Users/donghojung/.ssh/id_rsa
DEB [20181009-19:31:42.210] thr=3   paramiko.transport: userauth is OK
INF [20181009-19:31:42.332] thr=3   paramiko.transport: Authentication (publickey) failed.
DEB [20181009-19:31:44.661] thr=4   paramiko.transport: starting thread (client mode): 0x8ce7b00
DEB [20181009-19:31:44.661] thr=4   paramiko.transport: Local version/idstring: SSH-2.0-paramiko_2.4.1
DEB [20181009-19:31:44.973] thr=4   paramiko.transport: Remote version/idstring: SSH-2.0-OpenSSH_7.6p1 Ubuntu-4
INF [20181009-19:31:44.974] thr=4   paramiko.transport: Connected (version 2.0, client OpenSSH_7.6p1)
DEB [20181009-19:31:45.282] thr=4   paramiko.transport: kex algos:['curve25519-sha256', 'curve25519-sha256@libssh.org', 'ecdh-sha2-nistp256', 'ecdh-sha2-nistp384', 'ecdh-sha2-nistp521', 'diffie-hellman-group-exchange-sha256', 'diffie-hellman-group16-sha512', 'diffie-hellman-group18-sha512', 'diffie-hellman-group14-sha256', 'diffie-hellman-group14-sha1'] server key:['ssh-rsa', 'rsa-sha2-512', 'rsa-sha2-256', 'ecdsa-sha2-nistp256', 'ssh-ed25519'] client encrypt:['chacha20-poly1305@openssh.com', 'aes128-ctr', 'aes192-ctr', 'aes256-ctr', 'aes128-gcm@openssh.com', 'aes256-gcm@openssh.com'] server encrypt:['chacha20-poly1305@openssh.com', 'aes128-ctr', 'aes192-ctr', 'aes256-ctr', 'aes128-gcm@openssh.com', 'aes256-gcm@openssh.com'] client mac:['umac-64-etm@openssh.com', 'umac-128-etm@openssh.com', 'hmac-sha2-256-etm@openssh.com', 'hmac-sha2-512-etm@openssh.com', 'hmac-sha1-etm@openssh.com', 'umac-64@openssh.com', 'umac-128@openssh.com', 'hmac-sha2-256', 'hmac-sha2-512', 'hmac-sha1'] server mac:['umac-64-etm@openssh.com', 'umac-128-etm@openssh.com', 'hmac-sha2-256-etm@openssh.com', 'hmac-sha2-512-etm@openssh.com', 'hmac-sha1-etm@openssh.com', 'umac-64@openssh.com', 'umac-128@openssh.com', 'hmac-sha2-256', 'hmac-sha2-512', 'hmac-sha1'] client compress:['none', 'zlib@openssh.com'] server compress:['none', 'zlib@openssh.com'] client lang:[''] server lang:[''] kex follows?False
DEB [20181009-19:31:45.283] thr=4   paramiko.transport: Kex agreed: ecdh-sha2-nistp256
DEB [20181009-19:31:45.283] thr=4   paramiko.transport: HostKey agreed: ssh-ed25519
DEB [20181009-19:31:45.283] thr=4   paramiko.transport: Cipher agreed: aes128-ctr
DEB [20181009-19:31:45.283] thr=4   paramiko.transport: MAC agreed: hmac-sha2-256
DEB [20181009-19:31:45.283] thr=4   paramiko.transport: Compression agreed: none
DEB [20181009-19:31:45.589] thr=4   paramiko.transport: kex engine KexNistp256 specified hash_algo <built-in function openssl_sha256>
DEB [20181009-19:31:45.589] thr=4   paramiko.transport: Switch to new keys ...
DEB [20181009-19:31:45.591] thr=2   paramiko.transport: Trying discovered key b'34f7eb88ca144d08301696b2646ed7ee' in /Users/donghojung/.ssh/digital-ocean
DEB [20181009-19:31:46.754] thr=4   paramiko.transport: userauth is OK
INF [20181009-19:31:48.967] thr=4   paramiko.transport: Authentication (publickey) failed.
DEB [20181009-19:31:48.968] thr=2   paramiko.transport: Trying SSH agent key b'c489d5e00af4dd8b826912b4ba098be5'
DEB [20181009-19:31:49.274] thr=4   paramiko.transport: userauth is OK
INF [20181009-19:31:49.582] thr=4   paramiko.transport: Authentication (publickey) failed.
DEB [20181009-19:31:49.582] thr=2   paramiko.transport: Trying SSH agent key b'e92b2bb1c76b659e131af444b498b52b'
DEB [20181009-19:31:49.889] thr=4   paramiko.transport: userauth is OK
INF [20181009-19:31:50.196] thr=4   paramiko.transport: Authentication (publickey) failed.
DEB [20181009-19:31:50.197] thr=2   paramiko.transport: Trying discovered key b'ce89c6f89052d1b8a585d76c732e6235' in /Users/donghojung/.ssh/id_rsa
DEB [20181009-19:31:50.503] thr=4   paramiko.transport: userauth is OK
INF [20181009-19:31:51.272] thr=4   paramiko.transport: Authentication (publickey) failed.
DEB [20181009-19:31:51.484] thr=4   paramiko.transport: userauth is OK
DEB [20181009-19:31:51.732] thr=4   paramiko.transport: Authentication type (password) not permitted.
DEB [20181009-19:31:51.732] thr=4   paramiko.transport: Allowed methods: ['publickey']
